The system is: Linux - 3.7.6-1-CHAKRA - x86_64
Compiling the C compiler identification source file "CMakeCCompilerId.c" succeeded.
Compiler: /usr/bin/gcc 
Build flags: 
Id flags: 

The output was:
0


Compilation of the C compiler identification source "CMakeCCompilerId.c" produced "a.out"

The C compiler identification is GNU, found in "/home/athrun/projects_git/ffdv/manager/build/CMakeFiles/CompilerIdC/a.out"

Compiling the CXX compiler identification source file "CMakeCXXCompilerId.cpp" succeeded.
Compiler: /usr/bin/c++ 
Build flags: 
Id flags: 

The output was:
0


Compilation of the CXX compiler identification source "CMakeCXXCompilerId.cpp" produced "a.out"

The CXX compiler identification is GNU, found in "/home/athrun/projects_git/ffdv/manager/build/CMakeFiles/CompilerIdCXX/a.out"

Determining if the C compiler works passed with the following output:
Change Dir: /home/athrun/projects_git/ffdv/manager/build/CMakeFiles/CMakeTmp

Run Build Command:/usr/bin/make "cmTryCompileExec1560544512/fast"
/usr/bin/make -f CMakeFiles/cmTryCompileExec1560544512.dir/build.make CMakeFiles/cmTryCompileExec1560544512.dir/build
make[1]: 进入目录“/home/athrun/projects_git/ffdv/manager/build/CMakeFiles/CMakeTmp”
/usr/bin/cmake -E cmake_progress_report /home/athrun/projects_git/ffdv/manager/build/CMakeFiles/CMakeTmp/CMakeFiles 1
Building C object CMakeFiles/cmTryCompileExec1560544512.dir/testCCompiler.c.o
/usr/bin/gcc    -o CMakeFiles/cmTryCompileExec1560544512.dir/testCCompiler.c.o   -c /home/athrun/projects_git/ffdv/manager/build/CMakeFiles/CMakeTmp/testCCompiler.c
Linking C executable cmTryCompileExec1560544512
/usr/bin/cmake -E cmake_link_script CMakeFiles/cmTryCompileExec1560544512.dir/link.txt --verbose=1
/usr/bin/gcc         CMakeFiles/cmTryCompileExec1560544512.dir/testCCompiler.c.o  -o cmTryCompileExec1560544512 -rdynamic 
make[1]: 离开目录“/home/athrun/projects_git/ffdv/manager/build/CMakeFiles/CMakeTmp”


Detecting C compiler ABI info compiled with the following output:
Change Dir: /home/athrun/projects_git/ffdv/manager/build/CMakeFiles/CMakeTmp

Run Build Command:/usr/bin/make "cmTryCompileExec1349039844/fast"
/usr/bin/make -f CMakeFiles/cmTryCompileExec1349039844.dir/build.make CMakeFiles/cmTryCompileExec1349039844.dir/build
make[1]: 进入目录“/home/athrun/projects_git/ffdv/manager/build/CMakeFiles/CMakeTmp”
/usr/bin/cmake -E cmake_progress_report /home/athrun/projects_git/ffdv/manager/build/CMakeFiles/CMakeTmp/CMakeFiles 1
Building C object CMakeFiles/cmTryCompileExec1349039844.dir/CMakeCCompilerABI.c.o
/usr/bin/gcc    -o CMakeFiles/cmTryCompileExec1349039844.dir/CMakeCCompilerABI.c.o   -c /usr/share/cmake-2.8/Modules/CMakeCCompilerABI.c
Linking C executable cmTryCompileExec1349039844
/usr/bin/cmake -E cmake_link_script CMakeFiles/cmTryCompileExec1349039844.dir/link.txt --verbose=1
/usr/bin/gcc       -v CMakeFiles/cmTryCompileExec1349039844.dir/CMakeCCompilerABI.c.o  -o cmTryCompileExec1349039844 -rdynamic  
使用内建 specs。
COLLECT_GCC=/usr/bin/gcc
COLLECT_LTO_WRAPPER=/usr/lib/gcc/x86_64-unknown-linux-gnu/4.7.2/lto-wrapper
目标：x86_64-unknown-linux-gnu
配置为：/chakra/core-testing/gcc/src/gcc-4.7.2/configure --prefix=/usr --libdir=/usr/lib --libexecdir=/usr/lib --mandir=/usr/share/man --infodir=/usr/share/info --with-bugurl=http://chakra-linux.org/bugs/ --enable-languages=c,c++,ada,fortran,go,lto,objc,obj-c++ --enable-shared --enable-threads=posix --with-system-zlib --enable-__cxa_atexit --disable-libunwind-exceptions --enable-clocale=gnu --disable-libstdcxx-pch --enable-libstdcxx-time --enable-gnu-unique-object --enable-linker-build-id --with-ppl --enable-cloog-backend=isl --disable-ppl-version-check --disable-cloog-version-check --enable-lto --enable-gold --enable-ld=default --enable-plugin --with-plugin-ld=ld.gold --with-linker-hash-style=gnu --disable-multilib --disable-libssp --disable-build-with-cxx --disable-build-poststage1-with-cxx --enable-checking=release
线程模型：posix
gcc 版本 4.7.2 (GCC) 
COMPILER_PATH=/usr/lib/gcc/x86_64-unknown-linux-gnu/4.7.2/:/usr/lib/gcc/x86_64-unknown-linux-gnu/4.7.2/:/usr/lib/gcc/x86_64-unknown-linux-gnu/:/usr/lib/gcc/x86_64-unknown-linux-gnu/4.7.2/:/usr/lib/gcc/x86_64-unknown-linux-gnu/
LIBRARY_PATH=/usr/lib/gcc/x86_64-unknown-linux-gnu/4.7.2/:/usr/lib/gcc/x86_64-unknown-linux-gnu/4.7.2/../../../../lib/:/lib/../lib/:/usr/lib/../lib/:/usr/lib/gcc/x86_64-unknown-linux-gnu/4.7.2/../../../:/lib/:/usr/lib/
COLLECT_GCC_OPTIONS='-v' '-o' 'cmTryCompileExec1349039844' '-rdynamic' '-mtune=generic' '-march=x86-64'
 /usr/lib/gcc/x86_64-unknown-linux-gnu/4.7.2/collect2 --build-id --eh-frame-hdr --hash-style=gnu -m elf_x86_64 -export-dynamic -dynamic-linker /lib/ld-linux-x86-64.so.2 -o cmTryCompileExec1349039844 /usr/lib/gcc/x86_64-unknown-linux-gnu/4.7.2/../../../../lib/crt1.o /usr/lib/gcc/x86_64-unknown-linux-gnu/4.7.2/../../../../lib/crti.o /usr/lib/gcc/x86_64-unknown-linux-gnu/4.7.2/crtbegin.o -L/usr/lib/gcc/x86_64-unknown-linux-gnu/4.7.2 -L/usr/lib/gcc/x86_64-unknown-linux-gnu/4.7.2/../../../../lib -L/lib/../lib -L/usr/lib/../lib -L/usr/lib/gcc/x86_64-unknown-linux-gnu/4.7.2/../../.. CMakeFiles/cmTryCompileExec1349039844.dir/CMakeCCompilerABI.c.o -lgcc --as-needed -lgcc_s --no-as-needed -lc -lgcc --as-needed -lgcc_s --no-as-needed /usr/lib/gcc/x86_64-unknown-linux-gnu/4.7.2/crtend.o /usr/lib/gcc/x86_64-unknown-linux-gnu/4.7.2/../../../../lib/crtn.o
make[1]: 离开目录“/home/athrun/projects_git/ffdv/manager/build/CMakeFiles/CMakeTmp”


Parsed C implicit link information from above output:
  link line regex: [^( *|.*[/\])(ld|ld|collect2)[^/\]*( |$)]
  ignore line: [Change Dir: /home/athrun/projects_git/ffdv/manager/build/CMakeFiles/CMakeTmp]
  ignore line: []
  ignore line: [Run Build Command:/usr/bin/make "cmTryCompileExec1349039844/fast"]
  ignore line: [/usr/bin/make -f CMakeFiles/cmTryCompileExec1349039844.dir/build.make CMakeFiles/cmTryCompileExec1349039844.dir/build]
  ignore line: [make[1]: 进入目录“/home/athrun/projects_git/ffdv/manager/build/CMakeFiles/CMakeTmp”]
  ignore line: [/usr/bin/cmake -E cmake_progress_report /home/athrun/projects_git/ffdv/manager/build/CMakeFiles/CMakeTmp/CMakeFiles 1]
  ignore line: [Building C object CMakeFiles/cmTryCompileExec1349039844.dir/CMakeCCompilerABI.c.o]
  ignore line: [/usr/bin/gcc    -o CMakeFiles/cmTryCompileExec1349039844.dir/CMakeCCompilerABI.c.o   -c /usr/share/cmake-2.8/Modules/CMakeCCompilerABI.c]
  ignore line: [Linking C executable cmTryCompileExec1349039844]
  ignore line: [/usr/bin/cmake -E cmake_link_script CMakeFiles/cmTryCompileExec1349039844.dir/link.txt --verbose=1]
  ignore line: [/usr/bin/gcc       -v CMakeFiles/cmTryCompileExec1349039844.dir/CMakeCCompilerABI.c.o  -o cmTryCompileExec1349039844 -rdynamic  ]
  ignore line: [使用内建 specs。]
  ignore line: [COLLECT_GCC=/usr/bin/gcc]
  ignore line: [COLLECT_LTO_WRAPPER=/usr/lib/gcc/x86_64-unknown-linux-gnu/4.7.2/lto-wrapper]
  ignore line: [目标：x86_64-unknown-linux-gnu]
  ignore line: [配置为：/chakra/core-testing/gcc/src/gcc-4.7.2/configure --prefix=/usr --libdir=/usr/lib --libexecdir=/usr/lib --mandir=/usr/share/man --infodir=/usr/share/info --with-bugurl=http://chakra-linux.org/bugs/ --enable-languages=c,c++,ada,fortran,go,lto,objc,obj-c++ --enable-shared --enable-threads=posix --with-system-zlib --enable-__cxa_atexit --disable-libunwind-exceptions --enable-clocale=gnu --disable-libstdcxx-pch --enable-libstdcxx-time --enable-gnu-unique-object --enable-linker-build-id --with-ppl --enable-cloog-backend=isl --disable-ppl-version-check --disable-cloog-version-check --enable-lto --enable-gold --enable-ld=default --enable-plugin --with-plugin-ld=ld.gold --with-linker-hash-style=gnu --disable-multilib --disable-libssp --disable-build-with-cxx --disable-build-poststage1-with-cxx --enable-checking=release]
  ignore line: [线程模型：posix]
  ignore line: [gcc 版本 4.7.2 (GCC) ]
  ignore line: [COMPILER_PATH=/usr/lib/gcc/x86_64-unknown-linux-gnu/4.7.2/:/usr/lib/gcc/x86_64-unknown-linux-gnu/4.7.2/:/usr/lib/gcc/x86_64-unknown-linux-gnu/:/usr/lib/gcc/x86_64-unknown-linux-gnu/4.7.2/:/usr/lib/gcc/x86_64-unknown-linux-gnu/]
  ignore line: [LIBRARY_PATH=/usr/lib/gcc/x86_64-unknown-linux-gnu/4.7.2/:/usr/lib/gcc/x86_64-unknown-linux-gnu/4.7.2/../../../../lib/:/lib/../lib/:/usr/lib/../lib/:/usr/lib/gcc/x86_64-unknown-linux-gnu/4.7.2/../../../:/lib/:/usr/lib/]
  ignore line: [COLLECT_GCC_OPTIONS='-v' '-o' 'cmTryCompileExec1349039844' '-rdynamic' '-mtune=generic' '-march=x86-64']
  link line: [ /usr/lib/gcc/x86_64-unknown-linux-gnu/4.7.2/collect2 --build-id --eh-frame-hdr --hash-style=gnu -m elf_x86_64 -export-dynamic -dynamic-linker /lib/ld-linux-x86-64.so.2 -o cmTryCompileExec1349039844 /usr/lib/gcc/x86_64-unknown-linux-gnu/4.7.2/../../../../lib/crt1.o /usr/lib/gcc/x86_64-unknown-linux-gnu/4.7.2/../../../../lib/crti.o /usr/lib/gcc/x86_64-unknown-linux-gnu/4.7.2/crtbegin.o -L/usr/lib/gcc/x86_64-unknown-linux-gnu/4.7.2 -L/usr/lib/gcc/x86_64-unknown-linux-gnu/4.7.2/../../../../lib -L/lib/../lib -L/usr/lib/../lib -L/usr/lib/gcc/x86_64-unknown-linux-gnu/4.7.2/../../.. CMakeFiles/cmTryCompileExec1349039844.dir/CMakeCCompilerABI.c.o -lgcc --as-needed -lgcc_s --no-as-needed -lc -lgcc --as-needed -lgcc_s --no-as-needed /usr/lib/gcc/x86_64-unknown-linux-gnu/4.7.2/crtend.o /usr/lib/gcc/x86_64-unknown-linux-gnu/4.7.2/../../../../lib/crtn.o]
    arg [/usr/lib/gcc/x86_64-unknown-linux-gnu/4.7.2/collect2] ==> ignore
    arg [--build-id] ==> ignore
    arg [--eh-frame-hdr] ==> ignore
    arg [--hash-style=gnu] ==> ignore
    arg [-m] ==> ignore
    arg [elf_x86_64] ==> ignore
    arg [-export-dynamic] ==> ignore
    arg [-dynamic-linker] ==> ignore
    arg [/lib/ld-linux-x86-64.so.2] ==> ignore
    arg [-o] ==> ignore
    arg [cmTryCompileExec1349039844] ==> ignore
    arg [/usr/lib/gcc/x86_64-unknown-linux-gnu/4.7.2/../../../../lib/crt1.o] ==> ignore
    arg [/usr/lib/gcc/x86_64-unknown-linux-gnu/4.7.2/../../../../lib/crti.o] ==> ignore
    arg [/usr/lib/gcc/x86_64-unknown-linux-gnu/4.7.2/crtbegin.o] ==> ignore
    arg [-L/usr/lib/gcc/x86_64-unknown-linux-gnu/4.7.2] ==> dir [/usr/lib/gcc/x86_64-unknown-linux-gnu/4.7.2]
    arg [-L/usr/lib/gcc/x86_64-unknown-linux-gnu/4.7.2/../../../../lib] ==> dir [/usr/lib/gcc/x86_64-unknown-linux-gnu/4.7.2/../../../../lib]
    arg [-L/lib/../lib] ==> dir [/lib/../lib]
    arg [-L/usr/lib/../lib] ==> dir [/usr/lib/../lib]
    arg [-L/usr/lib/gcc/x86_64-unknown-linux-gnu/4.7.2/../../..] ==> dir [/usr/lib/gcc/x86_64-unknown-linux-gnu/4.7.2/../../..]
    arg [CMakeFiles/cmTryCompileExec1349039844.dir/CMakeCCompilerABI.c.o] ==> ignore
    arg [-lgcc] ==> lib [gcc]
    arg [--as-needed] ==> ignore
    arg [-lgcc_s] ==> lib [gcc_s]
    arg [--no-as-needed] ==> ignore
    arg [-lc] ==> lib [c]
    arg [-lgcc] ==> lib [gcc]
    arg [--as-needed] ==> ignore
    arg [-lgcc_s] ==> lib [gcc_s]
    arg [--no-as-needed] ==> ignore
    arg [/usr/lib/gcc/x86_64-unknown-linux-gnu/4.7.2/crtend.o] ==> ignore
    arg [/usr/lib/gcc/x86_64-unknown-linux-gnu/4.7.2/../../../../lib/crtn.o] ==> ignore
  remove lib [gcc]
  remove lib [gcc_s]
  remove lib [gcc]
  remove lib [gcc_s]
  collapse dir [/usr/lib/gcc/x86_64-unknown-linux-gnu/4.7.2] ==> [/usr/lib/gcc/x86_64-unknown-linux-gnu/4.7.2]
  collapse dir [/usr/lib/gcc/x86_64-unknown-linux-gnu/4.7.2/../../../../lib] ==> [/usr/lib]
  collapse dir [/lib/../lib] ==> [/lib]
  collapse dir [/usr/lib/../lib] ==> [/usr/lib]
  collapse dir [/usr/lib/gcc/x86_64-unknown-linux-gnu/4.7.2/../../..] ==> [/usr/lib]
  implicit libs: [c]
  implicit dirs: [/usr/lib/gcc/x86_64-unknown-linux-gnu/4.7.2;/usr/lib;/lib]


Determining if the CXX compiler works passed with the following output:
Change Dir: /home/athrun/projects_git/ffdv/manager/build/CMakeFiles/CMakeTmp

Run Build Command:/usr/bin/make "cmTryCompileExec76502895/fast"
/usr/bin/make -f CMakeFiles/cmTryCompileExec76502895.dir/build.make CMakeFiles/cmTryCompileExec76502895.dir/build
make[1]: 进入目录“/home/athrun/projects_git/ffdv/manager/build/CMakeFiles/CMakeTmp”
/usr/bin/cmake -E cmake_progress_report /home/athrun/projects_git/ffdv/manager/build/CMakeFiles/CMakeTmp/CMakeFiles 1
Building CXX object CMakeFiles/cmTryCompileExec76502895.dir/testCXXCompiler.cxx.o
/usr/bin/c++     -o CMakeFiles/cmTryCompileExec76502895.dir/testCXXCompiler.cxx.o -c /home/athrun/projects_git/ffdv/manager/build/CMakeFiles/CMakeTmp/testCXXCompiler.cxx
Linking CXX executable cmTryCompileExec76502895
/usr/bin/cmake -E cmake_link_script CMakeFiles/cmTryCompileExec76502895.dir/link.txt --verbose=1
/usr/bin/c++          CMakeFiles/cmTryCompileExec76502895.dir/testCXXCompiler.cxx.o  -o cmTryCompileExec76502895 -rdynamic 
make[1]: 离开目录“/home/athrun/projects_git/ffdv/manager/build/CMakeFiles/CMakeTmp”


Detecting CXX compiler ABI info compiled with the following output:
Change Dir: /home/athrun/projects_git/ffdv/manager/build/CMakeFiles/CMakeTmp

Run Build Command:/usr/bin/make "cmTryCompileExec3875357880/fast"
/usr/bin/make -f CMakeFiles/cmTryCompileExec3875357880.dir/build.make CMakeFiles/cmTryCompileExec3875357880.dir/build
make[1]: 进入目录“/home/athrun/projects_git/ffdv/manager/build/CMakeFiles/CMakeTmp”
/usr/bin/cmake -E cmake_progress_report /home/athrun/projects_git/ffdv/manager/build/CMakeFiles/CMakeTmp/CMakeFiles 1
Building CXX object CMakeFiles/cmTryCompileExec3875357880.dir/CMakeCXXCompilerABI.cpp.o
/usr/bin/c++     -o CMakeFiles/cmTryCompileExec3875357880.dir/CMakeCXXCompilerABI.cpp.o -c /usr/share/cmake-2.8/Modules/CMakeCXXCompilerABI.cpp
Linking CXX executable cmTryCompileExec3875357880
/usr/bin/cmake -E cmake_link_script CMakeFiles/cmTryCompileExec3875357880.dir/link.txt --verbose=1
/usr/bin/c++        -v CMakeFiles/cmTryCompileExec3875357880.dir/CMakeCXXCompilerABI.cpp.o  -o cmTryCompileExec3875357880 -rdynamic  
使用内建 specs。
COLLECT_GCC=/usr/bin/c++
COLLECT_LTO_WRAPPER=/usr/lib/gcc/x86_64-unknown-linux-gnu/4.7.2/lto-wrapper
目标：x86_64-unknown-linux-gnu
配置为：/chakra/core-testing/gcc/src/gcc-4.7.2/configure --prefix=/usr --libdir=/usr/lib --libexecdir=/usr/lib --mandir=/usr/share/man --infodir=/usr/share/info --with-bugurl=http://chakra-linux.org/bugs/ --enable-languages=c,c++,ada,fortran,go,lto,objc,obj-c++ --enable-shared --enable-threads=posix --with-system-zlib --enable-__cxa_atexit --disable-libunwind-exceptions --enable-clocale=gnu --disable-libstdcxx-pch --enable-libstdcxx-time --enable-gnu-unique-object --enable-linker-build-id --with-ppl --enable-cloog-backend=isl --disable-ppl-version-check --disable-cloog-version-check --enable-lto --enable-gold --enable-ld=default --enable-plugin --with-plugin-ld=ld.gold --with-linker-hash-style=gnu --disable-multilib --disable-libssp --disable-build-with-cxx --disable-build-poststage1-with-cxx --enable-checking=release
线程模型：posix
gcc 版本 4.7.2 (GCC) 
COMPILER_PATH=/usr/lib/gcc/x86_64-unknown-linux-gnu/4.7.2/:/usr/lib/gcc/x86_64-unknown-linux-gnu/4.7.2/:/usr/lib/gcc/x86_64-unknown-linux-gnu/:/usr/lib/gcc/x86_64-unknown-linux-gnu/4.7.2/:/usr/lib/gcc/x86_64-unknown-linux-gnu/
LIBRARY_PATH=/usr/lib/gcc/x86_64-unknown-linux-gnu/4.7.2/:/usr/lib/gcc/x86_64-unknown-linux-gnu/4.7.2/../../../../lib/:/lib/../lib/:/usr/lib/../lib/:/usr/lib/gcc/x86_64-unknown-linux-gnu/4.7.2/../../../:/lib/:/usr/lib/
COLLECT_GCC_OPTIONS='-v' '-o' 'cmTryCompileExec3875357880' '-rdynamic' '-shared-libgcc' '-mtune=generic' '-march=x86-64'
 /usr/lib/gcc/x86_64-unknown-linux-gnu/4.7.2/collect2 --build-id --eh-frame-hdr --hash-style=gnu -m elf_x86_64 -export-dynamic -dynamic-linker /lib/ld-linux-x86-64.so.2 -o cmTryCompileExec3875357880 /usr/lib/gcc/x86_64-unknown-linux-gnu/4.7.2/../../../../lib/crt1.o /usr/lib/gcc/x86_64-unknown-linux-gnu/4.7.2/../../../../lib/crti.o /usr/lib/gcc/x86_64-unknown-linux-gnu/4.7.2/crtbegin.o -L/usr/lib/gcc/x86_64-unknown-linux-gnu/4.7.2 -L/usr/lib/gcc/x86_64-unknown-linux-gnu/4.7.2/../../../../lib -L/lib/../lib -L/usr/lib/../lib -L/usr/lib/gcc/x86_64-unknown-linux-gnu/4.7.2/../../.. CMakeFiles/cmTryCompileExec3875357880.dir/CMakeCXXCompilerABI.cpp.o -lstdc++ -lm -lgcc_s -lgcc -lc -lgcc_s -lgcc /usr/lib/gcc/x86_64-unknown-linux-gnu/4.7.2/crtend.o /usr/lib/gcc/x86_64-unknown-linux-gnu/4.7.2/../../../../lib/crtn.o
make[1]: 离开目录“/home/athrun/projects_git/ffdv/manager/build/CMakeFiles/CMakeTmp”


Parsed CXX implicit link information from above output:
  link line regex: [^( *|.*[/\])(ld|ld|collect2)[^/\]*( |$)]
  ignore line: [Change Dir: /home/athrun/projects_git/ffdv/manager/build/CMakeFiles/CMakeTmp]
  ignore line: []
  ignore line: [Run Build Command:/usr/bin/make "cmTryCompileExec3875357880/fast"]
  ignore line: [/usr/bin/make -f CMakeFiles/cmTryCompileExec3875357880.dir/build.make CMakeFiles/cmTryCompileExec3875357880.dir/build]
  ignore line: [make[1]: 进入目录“/home/athrun/projects_git/ffdv/manager/build/CMakeFiles/CMakeTmp”]
  ignore line: [/usr/bin/cmake -E cmake_progress_report /home/athrun/projects_git/ffdv/manager/build/CMakeFiles/CMakeTmp/CMakeFiles 1]
  ignore line: [Building CXX object CMakeFiles/cmTryCompileExec3875357880.dir/CMakeCXXCompilerABI.cpp.o]
  ignore line: [/usr/bin/c++     -o CMakeFiles/cmTryCompileExec3875357880.dir/CMakeCXXCompilerABI.cpp.o -c /usr/share/cmake-2.8/Modules/CMakeCXXCompilerABI.cpp]
  ignore line: [Linking CXX executable cmTryCompileExec3875357880]
  ignore line: [/usr/bin/cmake -E cmake_link_script CMakeFiles/cmTryCompileExec3875357880.dir/link.txt --verbose=1]
  ignore line: [/usr/bin/c++        -v CMakeFiles/cmTryCompileExec3875357880.dir/CMakeCXXCompilerABI.cpp.o  -o cmTryCompileExec3875357880 -rdynamic  ]
  ignore line: [使用内建 specs。]
  ignore line: [COLLECT_GCC=/usr/bin/c++]
  ignore line: [COLLECT_LTO_WRAPPER=/usr/lib/gcc/x86_64-unknown-linux-gnu/4.7.2/lto-wrapper]
  ignore line: [目标：x86_64-unknown-linux-gnu]
  ignore line: [配置为：/chakra/core-testing/gcc/src/gcc-4.7.2/configure --prefix=/usr --libdir=/usr/lib --libexecdir=/usr/lib --mandir=/usr/share/man --infodir=/usr/share/info --with-bugurl=http://chakra-linux.org/bugs/ --enable-languages=c,c++,ada,fortran,go,lto,objc,obj-c++ --enable-shared --enable-threads=posix --with-system-zlib --enable-__cxa_atexit --disable-libunwind-exceptions --enable-clocale=gnu --disable-libstdcxx-pch --enable-libstdcxx-time --enable-gnu-unique-object --enable-linker-build-id --with-ppl --enable-cloog-backend=isl --disable-ppl-version-check --disable-cloog-version-check --enable-lto --enable-gold --enable-ld=default --enable-plugin --with-plugin-ld=ld.gold --with-linker-hash-style=gnu --disable-multilib --disable-libssp --disable-build-with-cxx --disable-build-poststage1-with-cxx --enable-checking=release]
  ignore line: [线程模型：posix]
  ignore line: [gcc 版本 4.7.2 (GCC) ]
  ignore line: [COMPILER_PATH=/usr/lib/gcc/x86_64-unknown-linux-gnu/4.7.2/:/usr/lib/gcc/x86_64-unknown-linux-gnu/4.7.2/:/usr/lib/gcc/x86_64-unknown-linux-gnu/:/usr/lib/gcc/x86_64-unknown-linux-gnu/4.7.2/:/usr/lib/gcc/x86_64-unknown-linux-gnu/]
  ignore line: [LIBRARY_PATH=/usr/lib/gcc/x86_64-unknown-linux-gnu/4.7.2/:/usr/lib/gcc/x86_64-unknown-linux-gnu/4.7.2/../../../../lib/:/lib/../lib/:/usr/lib/../lib/:/usr/lib/gcc/x86_64-unknown-linux-gnu/4.7.2/../../../:/lib/:/usr/lib/]
  ignore line: [COLLECT_GCC_OPTIONS='-v' '-o' 'cmTryCompileExec3875357880' '-rdynamic' '-shared-libgcc' '-mtune=generic' '-march=x86-64']
  link line: [ /usr/lib/gcc/x86_64-unknown-linux-gnu/4.7.2/collect2 --build-id --eh-frame-hdr --hash-style=gnu -m elf_x86_64 -export-dynamic -dynamic-linker /lib/ld-linux-x86-64.so.2 -o cmTryCompileExec3875357880 /usr/lib/gcc/x86_64-unknown-linux-gnu/4.7.2/../../../../lib/crt1.o /usr/lib/gcc/x86_64-unknown-linux-gnu/4.7.2/../../../../lib/crti.o /usr/lib/gcc/x86_64-unknown-linux-gnu/4.7.2/crtbegin.o -L/usr/lib/gcc/x86_64-unknown-linux-gnu/4.7.2 -L/usr/lib/gcc/x86_64-unknown-linux-gnu/4.7.2/../../../../lib -L/lib/../lib -L/usr/lib/../lib -L/usr/lib/gcc/x86_64-unknown-linux-gnu/4.7.2/../../.. CMakeFiles/cmTryCompileExec3875357880.dir/CMakeCXXCompilerABI.cpp.o -lstdc++ -lm -lgcc_s -lgcc -lc -lgcc_s -lgcc /usr/lib/gcc/x86_64-unknown-linux-gnu/4.7.2/crtend.o /usr/lib/gcc/x86_64-unknown-linux-gnu/4.7.2/../../../../lib/crtn.o]
    arg [/usr/lib/gcc/x86_64-unknown-linux-gnu/4.7.2/collect2] ==> ignore
    arg [--build-id] ==> ignore
    arg [--eh-frame-hdr] ==> ignore
    arg [--hash-style=gnu] ==> ignore
    arg [-m] ==> ignore
    arg [elf_x86_64] ==> ignore
    arg [-export-dynamic] ==> ignore
    arg [-dynamic-linker] ==> ignore
    arg [/lib/ld-linux-x86-64.so.2] ==> ignore
    arg [-o] ==> ignore
    arg [cmTryCompileExec3875357880] ==> ignore
    arg [/usr/lib/gcc/x86_64-unknown-linux-gnu/4.7.2/../../../../lib/crt1.o] ==> ignore
    arg [/usr/lib/gcc/x86_64-unknown-linux-gnu/4.7.2/../../../../lib/crti.o] ==> ignore
    arg [/usr/lib/gcc/x86_64-unknown-linux-gnu/4.7.2/crtbegin.o] ==> ignore
    arg [-L/usr/lib/gcc/x86_64-unknown-linux-gnu/4.7.2] ==> dir [/usr/lib/gcc/x86_64-unknown-linux-gnu/4.7.2]
    arg [-L/usr/lib/gcc/x86_64-unknown-linux-gnu/4.7.2/../../../../lib] ==> dir [/usr/lib/gcc/x86_64-unknown-linux-gnu/4.7.2/../../../../lib]
    arg [-L/lib/../lib] ==> dir [/lib/../lib]
    arg [-L/usr/lib/../lib] ==> dir [/usr/lib/../lib]
    arg [-L/usr/lib/gcc/x86_64-unknown-linux-gnu/4.7.2/../../..] ==> dir [/usr/lib/gcc/x86_64-unknown-linux-gnu/4.7.2/../../..]
    arg [CMakeFiles/cmTryCompileExec3875357880.dir/CMakeCXXCompilerABI.cpp.o] ==> ignore
    arg [-lstdc++] ==> lib [stdc++]
    arg [-lm] ==> lib [m]
    arg [-lgcc_s] ==> lib [gcc_s]
    arg [-lgcc] ==> lib [gcc]
    arg [-lc] ==> lib [c]
    arg [-lgcc_s] ==> lib [gcc_s]
    arg [-lgcc] ==> lib [gcc]
    arg [/usr/lib/gcc/x86_64-unknown-linux-gnu/4.7.2/crtend.o] ==> ignore
    arg [/usr/lib/gcc/x86_64-unknown-linux-gnu/4.7.2/../../../../lib/crtn.o] ==> ignore
  remove lib [gcc_s]
  remove lib [gcc]
  remove lib [gcc_s]
  remove lib [gcc]
  collapse dir [/usr/lib/gcc/x86_64-unknown-linux-gnu/4.7.2] ==> [/usr/lib/gcc/x86_64-unknown-linux-gnu/4.7.2]
  collapse dir [/usr/lib/gcc/x86_64-unknown-linux-gnu/4.7.2/../../../../lib] ==> [/usr/lib]
  collapse dir [/lib/../lib] ==> [/lib]
  collapse dir [/usr/lib/../lib] ==> [/usr/lib]
  collapse dir [/usr/lib/gcc/x86_64-unknown-linux-gnu/4.7.2/../../..] ==> [/usr/lib]
  implicit libs: [stdc++;m;c]
  implicit dirs: [/usr/lib/gcc/x86_64-unknown-linux-gnu/4.7.2;/usr/lib;/lib]


