The system is: Linux - 3.7.10-1.4-desktop - x86_64
Compiling the C compiler identification source file "CMakeCCompilerId.c" succeeded.
Compiler: /usr/local/bin/gcc 
Build flags: 
Id flags: 

The output was:
0


Compilation of the C compiler identification source "CMakeCCompilerId.c" produced "a.out"

The C compiler identification is GNU, found in "/home/sherry/ffdv/net/build/CMakeFiles/2.8.10.2/CompilerIdC/a.out"

Compiling the CXX compiler identification source file "CMakeCXXCompilerId.cpp" succeeded.
Compiler: /usr/local/bin/g++ 
Build flags: 
Id flags: 

The output was:
0


Compilation of the CXX compiler identification source "CMakeCXXCompilerId.cpp" produced "a.out"

The CXX compiler identification is GNU, found in "/home/sherry/ffdv/net/build/CMakeFiles/2.8.10.2/CompilerIdCXX/a.out"

Determining if the C compiler works passed with the following output:
Change Dir: /home/sherry/ffdv/net/build/CMakeFiles/CMakeTmp

Run Build Command:/usr/bin/gmake "cmTryCompileExec409461152/fast"
/usr/bin/gmake -f CMakeFiles/cmTryCompileExec409461152.dir/build.make CMakeFiles/cmTryCompileExec409461152.dir/build
gmake[1]: 进入目录“/home/sherry/ffdv/net/build/CMakeFiles/CMakeTmp”
/usr/bin/cmake -E cmake_progress_report /home/sherry/ffdv/net/build/CMakeFiles/CMakeTmp/CMakeFiles 1
Building C object CMakeFiles/cmTryCompileExec409461152.dir/testCCompiler.c.o
/usr/local/bin/gcc    -o CMakeFiles/cmTryCompileExec409461152.dir/testCCompiler.c.o   -c /home/sherry/ffdv/net/build/CMakeFiles/CMakeTmp/testCCompiler.c
Linking C executable cmTryCompileExec409461152
/usr/bin/cmake -E cmake_link_script CMakeFiles/cmTryCompileExec409461152.dir/link.txt --verbose=1
/usr/local/bin/gcc         CMakeFiles/cmTryCompileExec409461152.dir/testCCompiler.c.o  -o cmTryCompileExec409461152 -rdynamic 
gmake[1]: 离开目录“/home/sherry/ffdv/net/build/CMakeFiles/CMakeTmp”


Detecting C compiler ABI info compiled with the following output:
Change Dir: /home/sherry/ffdv/net/build/CMakeFiles/CMakeTmp

Run Build Command:/usr/bin/gmake "cmTryCompileExec2352664601/fast"
/usr/bin/gmake -f CMakeFiles/cmTryCompileExec2352664601.dir/build.make CMakeFiles/cmTryCompileExec2352664601.dir/build
gmake[1]: 进入目录“/home/sherry/ffdv/net/build/CMakeFiles/CMakeTmp”
/usr/bin/cmake -E cmake_progress_report /home/sherry/ffdv/net/build/CMakeFiles/CMakeTmp/CMakeFiles 1
Building C object CMakeFiles/cmTryCompileExec2352664601.dir/CMakeCCompilerABI.c.o
/usr/local/bin/gcc    -o CMakeFiles/cmTryCompileExec2352664601.dir/CMakeCCompilerABI.c.o   -c /usr/share/cmake/Modules/CMakeCCompilerABI.c
Linking C executable cmTryCompileExec2352664601
/usr/bin/cmake -E cmake_link_script CMakeFiles/cmTryCompileExec2352664601.dir/link.txt --verbose=1
/usr/local/bin/gcc       -v CMakeFiles/cmTryCompileExec2352664601.dir/CMakeCCompilerABI.c.o  -o cmTryCompileExec2352664601 -rdynamic  
使用内建 specs。
COLLECT_GCC=/usr/local/bin/gcc
COLLECT_LTO_WRAPPER=/usr/local/lib/gcc/x86_64-unknown-linux-gnu/4.8.1/lto-wrapper
目标：x86_64-unknown-linux-gnu
配置为：../下载/gcc-4.8.1/configure --enable-checking=release --enable-languages=c,c++ --enable-libstdcxx-time --disable-multilib
线程模型：posix
gcc 版本 4.8.1 (GCC) 
COMPILER_PATH=/usr/local/lib/gcc/x86_64-unknown-linux-gnu/4.8.1/:/usr/local/lib/gcc/x86_64-unknown-linux-gnu/4.8.1/:/usr/local/lib/gcc/x86_64-unknown-linux-gnu/:/usr/local/lib64/gcc/x86_64-unknown-linux-gnu/4.8.1/:/usr/local/lib64/gcc/x86_64-unknown-linux-gnu/
LIBRARY_PATH=/usr/local/lib64/gcc/x86_64-unknown-linux-gnu/4.8.1/:/usr/local/lib64/gcc/x86_64-unknown-linux-gnu/4.8.1/../../../../lib64/:/lib/../lib64/:/usr/lib/../lib64/:/home/sherry/tbb41_20130516oss/build/linux_intel64_gcc_cc4.8.1_libc2.17_kernel3.7.10_debug/:/home/sherry/tbb41_20130516oss/build/linux_intel64_gcc_cc4.8.1_libc2.17_kernel3.7.10_release/:/home/sherry/tbb41_20130516oss/build/linux_intel64_gcc_cc4.8.1_libc2.17_kernel3.7.10_debug/:/home/sherry/tbb41_20130516oss/build/linux_intel64_gcc_cc4.8.1_libc2.17_kernel3.7.10_release/:/home/sherry/tbb41_20130516oss/build/linux_intel64_gcc_cc4.8.1_libc2.17_kernel3.7.10_debug/:/home/sherry/tbb41_20130516oss/build/linux_intel64_gcc_cc4.8.1_libc2.17_kernel3.7.10_release/:/home/sherry/tbb41_20130516oss/build/linux_intel64_gcc_cc4.8.1_libc2.17_kernel3.7.10_debug/:/home/sherry/tbb41_20130516oss/build/linux_intel64_gcc_cc4.8.1_libc2.17_kernel3.7.10_release/:/usr/local/lib64/gcc/x86_64-unknown-linux-gnu/4.8.1/../../../:/lib/:/usr/lib/
COLLECT_GCC_OPTIONS='-v' '-o' 'cmTryCompileExec2352664601' '-rdynamic' '-mtune=generic' '-march=x86-64'
 /usr/local/lib/gcc/x86_64-unknown-linux-gnu/4.8.1/collect2 --eh-frame-hdr -m elf_x86_64 -export-dynamic -dynamic-linker /lib64/ld-linux-x86-64.so.2 -o cmTryCompileExec2352664601 /usr/lib/../lib64/crt1.o /usr/lib/../lib64/crti.o /usr/local/lib64/gcc/x86_64-unknown-linux-gnu/4.8.1/crtbegin.o -L/usr/local/lib64/gcc/x86_64-unknown-linux-gnu/4.8.1 -L/usr/local/lib64/gcc/x86_64-unknown-linux-gnu/4.8.1/../../../../lib64 -L/lib/../lib64 -L/usr/lib/../lib64 -L/home/sherry/tbb41_20130516oss/build/linux_intel64_gcc_cc4.8.1_libc2.17_kernel3.7.10_debug -L/home/sherry/tbb41_20130516oss/build/linux_intel64_gcc_cc4.8.1_libc2.17_kernel3.7.10_release -L/home/sherry/tbb41_20130516oss/build/linux_intel64_gcc_cc4.8.1_libc2.17_kernel3.7.10_debug -L/home/sherry/tbb41_20130516oss/build/linux_intel64_gcc_cc4.8.1_libc2.17_kernel3.7.10_release -L/home/sherry/tbb41_20130516oss/build/linux_intel64_gcc_cc4.8.1_libc2.17_kernel3.7.10_debug -L/home/sherry/tbb41_20130516oss/build/linux_intel64_gcc_cc4.8.1_libc2.17_kernel3.7.10_release -L/home/sherry/tbb41_20130516oss/build/linux_intel64_gcc_cc4.8.1_libc2.17_kernel3.7.10_debug -L/home/sherry/tbb41_20130516oss/build/linux_intel64_gcc_cc4.8.1_libc2.17_kernel3.7.10_release -L/usr/local/lib64/gcc/x86_64-unknown-linux-gnu/4.8.1/../../.. CMakeFiles/cmTryCompileExec2352664601.dir/CMakeCCompilerABI.c.o -lgcc --as-needed -lgcc_s --no-as-needed -lc -lgcc --as-needed -lgcc_s --no-as-needed /usr/local/lib64/gcc/x86_64-unknown-linux-gnu/4.8.1/crtend.o /usr/lib/../lib64/crtn.o
gmake[1]: 离开目录“/home/sherry/ffdv/net/build/CMakeFiles/CMakeTmp”


Parsed C implicit link information from above output:
  link line regex: [^( *|.*[/\])(ld|ld|collect2)[^/\]*( |$)]
  ignore line: [Change Dir: /home/sherry/ffdv/net/build/CMakeFiles/CMakeTmp]
  ignore line: []
  ignore line: [Run Build Command:/usr/bin/gmake "cmTryCompileExec2352664601/fast"]
  ignore line: [/usr/bin/gmake -f CMakeFiles/cmTryCompileExec2352664601.dir/build.make CMakeFiles/cmTryCompileExec2352664601.dir/build]
  ignore line: [gmake[1]: 进入目录“/home/sherry/ffdv/net/build/CMakeFiles/CMakeTmp”]
  ignore line: [/usr/bin/cmake -E cmake_progress_report /home/sherry/ffdv/net/build/CMakeFiles/CMakeTmp/CMakeFiles 1]
  ignore line: [Building C object CMakeFiles/cmTryCompileExec2352664601.dir/CMakeCCompilerABI.c.o]
  ignore line: [/usr/local/bin/gcc    -o CMakeFiles/cmTryCompileExec2352664601.dir/CMakeCCompilerABI.c.o   -c /usr/share/cmake/Modules/CMakeCCompilerABI.c]
  ignore line: [Linking C executable cmTryCompileExec2352664601]
  ignore line: [/usr/bin/cmake -E cmake_link_script CMakeFiles/cmTryCompileExec2352664601.dir/link.txt --verbose=1]
  ignore line: [/usr/local/bin/gcc       -v CMakeFiles/cmTryCompileExec2352664601.dir/CMakeCCompilerABI.c.o  -o cmTryCompileExec2352664601 -rdynamic  ]
  ignore line: [使用内建 specs。]
  ignore line: [COLLECT_GCC=/usr/local/bin/gcc]
  ignore line: [COLLECT_LTO_WRAPPER=/usr/local/lib/gcc/x86_64-unknown-linux-gnu/4.8.1/lto-wrapper]
  ignore line: [目标：x86_64-unknown-linux-gnu]
  ignore line: [配置为：../下载/gcc-4.8.1/configure --enable-checking=release --enable-languages=c,c++ --enable-libstdcxx-time --disable-multilib]
  ignore line: [线程模型：posix]
  ignore line: [gcc 版本 4.8.1 (GCC) ]
  ignore line: [COMPILER_PATH=/usr/local/lib/gcc/x86_64-unknown-linux-gnu/4.8.1/:/usr/local/lib/gcc/x86_64-unknown-linux-gnu/4.8.1/:/usr/local/lib/gcc/x86_64-unknown-linux-gnu/:/usr/local/lib64/gcc/x86_64-unknown-linux-gnu/4.8.1/:/usr/local/lib64/gcc/x86_64-unknown-linux-gnu/]
  ignore line: [LIBRARY_PATH=/usr/local/lib64/gcc/x86_64-unknown-linux-gnu/4.8.1/:/usr/local/lib64/gcc/x86_64-unknown-linux-gnu/4.8.1/../../../../lib64/:/lib/../lib64/:/usr/lib/../lib64/:/home/sherry/tbb41_20130516oss/build/linux_intel64_gcc_cc4.8.1_libc2.17_kernel3.7.10_debug/:/home/sherry/tbb41_20130516oss/build/linux_intel64_gcc_cc4.8.1_libc2.17_kernel3.7.10_release/:/home/sherry/tbb41_20130516oss/build/linux_intel64_gcc_cc4.8.1_libc2.17_kernel3.7.10_debug/:/home/sherry/tbb41_20130516oss/build/linux_intel64_gcc_cc4.8.1_libc2.17_kernel3.7.10_release/:/home/sherry/tbb41_20130516oss/build/linux_intel64_gcc_cc4.8.1_libc2.17_kernel3.7.10_debug/:/home/sherry/tbb41_20130516oss/build/linux_intel64_gcc_cc4.8.1_libc2.17_kernel3.7.10_release/:/home/sherry/tbb41_20130516oss/build/linux_intel64_gcc_cc4.8.1_libc2.17_kernel3.7.10_debug/:/home/sherry/tbb41_20130516oss/build/linux_intel64_gcc_cc4.8.1_libc2.17_kernel3.7.10_release/:/usr/local/lib64/gcc/x86_64-unknown-linux-gnu/4.8.1/../../../:/lib/:/usr/lib/]
  ignore line: [COLLECT_GCC_OPTIONS='-v' '-o' 'cmTryCompileExec2352664601' '-rdynamic' '-mtune=generic' '-march=x86-64']
  link line: [ /usr/local/lib/gcc/x86_64-unknown-linux-gnu/4.8.1/collect2 --eh-frame-hdr -m elf_x86_64 -export-dynamic -dynamic-linker /lib64/ld-linux-x86-64.so.2 -o cmTryCompileExec2352664601 /usr/lib/../lib64/crt1.o /usr/lib/../lib64/crti.o /usr/local/lib64/gcc/x86_64-unknown-linux-gnu/4.8.1/crtbegin.o -L/usr/local/lib64/gcc/x86_64-unknown-linux-gnu/4.8.1 -L/usr/local/lib64/gcc/x86_64-unknown-linux-gnu/4.8.1/../../../../lib64 -L/lib/../lib64 -L/usr/lib/../lib64 -L/home/sherry/tbb41_20130516oss/build/linux_intel64_gcc_cc4.8.1_libc2.17_kernel3.7.10_debug -L/home/sherry/tbb41_20130516oss/build/linux_intel64_gcc_cc4.8.1_libc2.17_kernel3.7.10_release -L/home/sherry/tbb41_20130516oss/build/linux_intel64_gcc_cc4.8.1_libc2.17_kernel3.7.10_debug -L/home/sherry/tbb41_20130516oss/build/linux_intel64_gcc_cc4.8.1_libc2.17_kernel3.7.10_release -L/home/sherry/tbb41_20130516oss/build/linux_intel64_gcc_cc4.8.1_libc2.17_kernel3.7.10_debug -L/home/sherry/tbb41_20130516oss/build/linux_intel64_gcc_cc4.8.1_libc2.17_kernel3.7.10_release -L/home/sherry/tbb41_20130516oss/build/linux_intel64_gcc_cc4.8.1_libc2.17_kernel3.7.10_debug -L/home/sherry/tbb41_20130516oss/build/linux_intel64_gcc_cc4.8.1_libc2.17_kernel3.7.10_release -L/usr/local/lib64/gcc/x86_64-unknown-linux-gnu/4.8.1/../../.. CMakeFiles/cmTryCompileExec2352664601.dir/CMakeCCompilerABI.c.o -lgcc --as-needed -lgcc_s --no-as-needed -lc -lgcc --as-needed -lgcc_s --no-as-needed /usr/local/lib64/gcc/x86_64-unknown-linux-gnu/4.8.1/crtend.o /usr/lib/../lib64/crtn.o]
    arg [/usr/local/lib/gcc/x86_64-unknown-linux-gnu/4.8.1/collect2] ==> ignore
    arg [--eh-frame-hdr] ==> ignore
    arg [-m] ==> ignore
    arg [elf_x86_64] ==> ignore
    arg [-export-dynamic] ==> ignore
    arg [-dynamic-linker] ==> ignore
    arg [/lib64/ld-linux-x86-64.so.2] ==> ignore
    arg [-o] ==> ignore
    arg [cmTryCompileExec2352664601] ==> ignore
    arg [/usr/lib/../lib64/crt1.o] ==> ignore
    arg [/usr/lib/../lib64/crti.o] ==> ignore
    arg [/usr/local/lib64/gcc/x86_64-unknown-linux-gnu/4.8.1/crtbegin.o] ==> ignore
    arg [-L/usr/local/lib64/gcc/x86_64-unknown-linux-gnu/4.8.1] ==> dir [/usr/local/lib64/gcc/x86_64-unknown-linux-gnu/4.8.1]
    arg [-L/usr/local/lib64/gcc/x86_64-unknown-linux-gnu/4.8.1/../../../../lib64] ==> dir [/usr/local/lib64/gcc/x86_64-unknown-linux-gnu/4.8.1/../../../../lib64]
    arg [-L/lib/../lib64] ==> dir [/lib/../lib64]
    arg [-L/usr/lib/../lib64] ==> dir [/usr/lib/../lib64]
    arg [-L/home/sherry/tbb41_20130516oss/build/linux_intel64_gcc_cc4.8.1_libc2.17_kernel3.7.10_debug] ==> dir [/home/sherry/tbb41_20130516oss/build/linux_intel64_gcc_cc4.8.1_libc2.17_kernel3.7.10_debug]
    arg [-L/home/sherry/tbb41_20130516oss/build/linux_intel64_gcc_cc4.8.1_libc2.17_kernel3.7.10_release] ==> dir [/home/sherry/tbb41_20130516oss/build/linux_intel64_gcc_cc4.8.1_libc2.17_kernel3.7.10_release]
    arg [-L/home/sherry/tbb41_20130516oss/build/linux_intel64_gcc_cc4.8.1_libc2.17_kernel3.7.10_debug] ==> dir [/home/sherry/tbb41_20130516oss/build/linux_intel64_gcc_cc4.8.1_libc2.17_kernel3.7.10_debug]
    arg [-L/home/sherry/tbb41_20130516oss/build/linux_intel64_gcc_cc4.8.1_libc2.17_kernel3.7.10_release] ==> dir [/home/sherry/tbb41_20130516oss/build/linux_intel64_gcc_cc4.8.1_libc2.17_kernel3.7.10_release]
    arg [-L/home/sherry/tbb41_20130516oss/build/linux_intel64_gcc_cc4.8.1_libc2.17_kernel3.7.10_debug] ==> dir [/home/sherry/tbb41_20130516oss/build/linux_intel64_gcc_cc4.8.1_libc2.17_kernel3.7.10_debug]
    arg [-L/home/sherry/tbb41_20130516oss/build/linux_intel64_gcc_cc4.8.1_libc2.17_kernel3.7.10_release] ==> dir [/home/sherry/tbb41_20130516oss/build/linux_intel64_gcc_cc4.8.1_libc2.17_kernel3.7.10_release]
    arg [-L/home/sherry/tbb41_20130516oss/build/linux_intel64_gcc_cc4.8.1_libc2.17_kernel3.7.10_debug] ==> dir [/home/sherry/tbb41_20130516oss/build/linux_intel64_gcc_cc4.8.1_libc2.17_kernel3.7.10_debug]
    arg [-L/home/sherry/tbb41_20130516oss/build/linux_intel64_gcc_cc4.8.1_libc2.17_kernel3.7.10_release] ==> dir [/home/sherry/tbb41_20130516oss/build/linux_intel64_gcc_cc4.8.1_libc2.17_kernel3.7.10_release]
    arg [-L/usr/local/lib64/gcc/x86_64-unknown-linux-gnu/4.8.1/../../..] ==> dir [/usr/local/lib64/gcc/x86_64-unknown-linux-gnu/4.8.1/../../..]
    arg [CMakeFiles/cmTryCompileExec2352664601.dir/CMakeCCompilerABI.c.o] ==> ignore
    arg [-lgcc] ==> lib [gcc]
    arg [--as-needed] ==> ignore
    arg [-lgcc_s] ==> lib [gcc_s]
    arg [--no-as-needed] ==> ignore
    arg [-lc] ==> lib [c]
    arg [-lgcc] ==> lib [gcc]
    arg [--as-needed] ==> ignore
    arg [-lgcc_s] ==> lib [gcc_s]
    arg [--no-as-needed] ==> ignore
    arg [/usr/local/lib64/gcc/x86_64-unknown-linux-gnu/4.8.1/crtend.o] ==> ignore
    arg [/usr/lib/../lib64/crtn.o] ==> ignore
  remove lib [gcc]
  remove lib [gcc_s]
  remove lib [gcc]
  remove lib [gcc_s]
  collapse dir [/usr/local/lib64/gcc/x86_64-unknown-linux-gnu/4.8.1] ==> [/usr/local/lib64/gcc/x86_64-unknown-linux-gnu/4.8.1]
  collapse dir [/usr/local/lib64/gcc/x86_64-unknown-linux-gnu/4.8.1/../../../../lib64] ==> [/usr/local/lib64]
  collapse dir [/lib/../lib64] ==> [/lib64]
  collapse dir [/usr/lib/../lib64] ==> [/usr/lib64]
  collapse dir [/home/sherry/tbb41_20130516oss/build/linux_intel64_gcc_cc4.8.1_libc2.17_kernel3.7.10_debug] ==> [/home/sherry/tbb41_20130516oss/build/linux_intel64_gcc_cc4.8.1_libc2.17_kernel3.7.10_debug]
  collapse dir [/home/sherry/tbb41_20130516oss/build/linux_intel64_gcc_cc4.8.1_libc2.17_kernel3.7.10_release] ==> [/home/sherry/tbb41_20130516oss/build/linux_intel64_gcc_cc4.8.1_libc2.17_kernel3.7.10_release]
  collapse dir [/home/sherry/tbb41_20130516oss/build/linux_intel64_gcc_cc4.8.1_libc2.17_kernel3.7.10_debug] ==> [/home/sherry/tbb41_20130516oss/build/linux_intel64_gcc_cc4.8.1_libc2.17_kernel3.7.10_debug]
  collapse dir [/home/sherry/tbb41_20130516oss/build/linux_intel64_gcc_cc4.8.1_libc2.17_kernel3.7.10_release] ==> [/home/sherry/tbb41_20130516oss/build/linux_intel64_gcc_cc4.8.1_libc2.17_kernel3.7.10_release]
  collapse dir [/home/sherry/tbb41_20130516oss/build/linux_intel64_gcc_cc4.8.1_libc2.17_kernel3.7.10_debug] ==> [/home/sherry/tbb41_20130516oss/build/linux_intel64_gcc_cc4.8.1_libc2.17_kernel3.7.10_debug]
  collapse dir [/home/sherry/tbb41_20130516oss/build/linux_intel64_gcc_cc4.8.1_libc2.17_kernel3.7.10_release] ==> [/home/sherry/tbb41_20130516oss/build/linux_intel64_gcc_cc4.8.1_libc2.17_kernel3.7.10_release]
  collapse dir [/home/sherry/tbb41_20130516oss/build/linux_intel64_gcc_cc4.8.1_libc2.17_kernel3.7.10_debug] ==> [/home/sherry/tbb41_20130516oss/build/linux_intel64_gcc_cc4.8.1_libc2.17_kernel3.7.10_debug]
  collapse dir [/home/sherry/tbb41_20130516oss/build/linux_intel64_gcc_cc4.8.1_libc2.17_kernel3.7.10_release] ==> [/home/sherry/tbb41_20130516oss/build/linux_intel64_gcc_cc4.8.1_libc2.17_kernel3.7.10_release]
  collapse dir [/usr/local/lib64/gcc/x86_64-unknown-linux-gnu/4.8.1/../../..] ==> [/usr/local/lib64]
  implicit libs: [c]
  implicit dirs: [/usr/local/lib64/gcc/x86_64-unknown-linux-gnu/4.8.1;/usr/local/lib64;/lib64;/usr/lib64;/home/sherry/tbb41_20130516oss/build/linux_intel64_gcc_cc4.8.1_libc2.17_kernel3.7.10_debug;/home/sherry/tbb41_20130516oss/build/linux_intel64_gcc_cc4.8.1_libc2.17_kernel3.7.10_release]


Determining if the CXX compiler works passed with the following output:
Change Dir: /home/sherry/ffdv/net/build/CMakeFiles/CMakeTmp

Run Build Command:/usr/bin/gmake "cmTryCompileExec907136236/fast"
/usr/bin/gmake -f CMakeFiles/cmTryCompileExec907136236.dir/build.make CMakeFiles/cmTryCompileExec907136236.dir/build
gmake[1]: 进入目录“/home/sherry/ffdv/net/build/CMakeFiles/CMakeTmp”
/usr/bin/cmake -E cmake_progress_report /home/sherry/ffdv/net/build/CMakeFiles/CMakeTmp/CMakeFiles 1
Building CXX object CMakeFiles/cmTryCompileExec907136236.dir/testCXXCompiler.cxx.o
/usr/local/bin/g++     -o CMakeFiles/cmTryCompileExec907136236.dir/testCXXCompiler.cxx.o -c /home/sherry/ffdv/net/build/CMakeFiles/CMakeTmp/testCXXCompiler.cxx
Linking CXX executable cmTryCompileExec907136236
/usr/bin/cmake -E cmake_link_script CMakeFiles/cmTryCompileExec907136236.dir/link.txt --verbose=1
/usr/local/bin/g++          CMakeFiles/cmTryCompileExec907136236.dir/testCXXCompiler.cxx.o  -o cmTryCompileExec907136236 -rdynamic 
gmake[1]: 离开目录“/home/sherry/ffdv/net/build/CMakeFiles/CMakeTmp”


Detecting CXX compiler ABI info compiled with the following output:
Change Dir: /home/sherry/ffdv/net/build/CMakeFiles/CMakeTmp

Run Build Command:/usr/bin/gmake "cmTryCompileExec2387854883/fast"
/usr/bin/gmake -f CMakeFiles/cmTryCompileExec2387854883.dir/build.make CMakeFiles/cmTryCompileExec2387854883.dir/build
gmake[1]: 进入目录“/home/sherry/ffdv/net/build/CMakeFiles/CMakeTmp”
/usr/bin/cmake -E cmake_progress_report /home/sherry/ffdv/net/build/CMakeFiles/CMakeTmp/CMakeFiles 1
Building CXX object CMakeFiles/cmTryCompileExec2387854883.dir/CMakeCXXCompilerABI.cpp.o
/usr/local/bin/g++     -o CMakeFiles/cmTryCompileExec2387854883.dir/CMakeCXXCompilerABI.cpp.o -c /usr/share/cmake/Modules/CMakeCXXCompilerABI.cpp
Linking CXX executable cmTryCompileExec2387854883
/usr/bin/cmake -E cmake_link_script CMakeFiles/cmTryCompileExec2387854883.dir/link.txt --verbose=1
/usr/local/bin/g++        -v CMakeFiles/cmTryCompileExec2387854883.dir/CMakeCXXCompilerABI.cpp.o  -o cmTryCompileExec2387854883 -rdynamic  
使用内建 specs。
COLLECT_GCC=/usr/local/bin/g++
COLLECT_LTO_WRAPPER=/usr/local/lib/gcc/x86_64-unknown-linux-gnu/4.8.1/lto-wrapper
目标：x86_64-unknown-linux-gnu
配置为：../下载/gcc-4.8.1/configure --enable-checking=release --enable-languages=c,c++ --enable-libstdcxx-time --disable-multilib
线程模型：posix
gcc 版本 4.8.1 (GCC) 
COMPILER_PATH=/usr/local/lib/gcc/x86_64-unknown-linux-gnu/4.8.1/:/usr/local/lib/gcc/x86_64-unknown-linux-gnu/4.8.1/:/usr/local/lib/gcc/x86_64-unknown-linux-gnu/:/usr/local/lib64/gcc/x86_64-unknown-linux-gnu/4.8.1/:/usr/local/lib64/gcc/x86_64-unknown-linux-gnu/
LIBRARY_PATH=/usr/local/lib64/gcc/x86_64-unknown-linux-gnu/4.8.1/:/usr/local/lib64/gcc/x86_64-unknown-linux-gnu/4.8.1/../../../../lib64/:/lib/../lib64/:/usr/lib/../lib64/:/home/sherry/tbb41_20130516oss/build/linux_intel64_gcc_cc4.8.1_libc2.17_kernel3.7.10_debug/:/home/sherry/tbb41_20130516oss/build/linux_intel64_gcc_cc4.8.1_libc2.17_kernel3.7.10_release/:/home/sherry/tbb41_20130516oss/build/linux_intel64_gcc_cc4.8.1_libc2.17_kernel3.7.10_debug/:/home/sherry/tbb41_20130516oss/build/linux_intel64_gcc_cc4.8.1_libc2.17_kernel3.7.10_release/:/home/sherry/tbb41_20130516oss/build/linux_intel64_gcc_cc4.8.1_libc2.17_kernel3.7.10_debug/:/home/sherry/tbb41_20130516oss/build/linux_intel64_gcc_cc4.8.1_libc2.17_kernel3.7.10_release/:/home/sherry/tbb41_20130516oss/build/linux_intel64_gcc_cc4.8.1_libc2.17_kernel3.7.10_debug/:/home/sherry/tbb41_20130516oss/build/linux_intel64_gcc_cc4.8.1_libc2.17_kernel3.7.10_release/:/usr/local/lib64/gcc/x86_64-unknown-linux-gnu/4.8.1/../../../:/lib/:/usr/lib/
COLLECT_GCC_OPTIONS='-v' '-o' 'cmTryCompileExec2387854883' '-rdynamic' '-shared-libgcc' '-mtune=generic' '-march=x86-64'
 /usr/local/lib/gcc/x86_64-unknown-linux-gnu/4.8.1/collect2 --eh-frame-hdr -m elf_x86_64 -export-dynamic -dynamic-linker /lib64/ld-linux-x86-64.so.2 -o cmTryCompileExec2387854883 /usr/lib/../lib64/crt1.o /usr/lib/../lib64/crti.o /usr/local/lib64/gcc/x86_64-unknown-linux-gnu/4.8.1/crtbegin.o -L/usr/local/lib64/gcc/x86_64-unknown-linux-gnu/4.8.1 -L/usr/local/lib64/gcc/x86_64-unknown-linux-gnu/4.8.1/../../../../lib64 -L/lib/../lib64 -L/usr/lib/../lib64 -L/home/sherry/tbb41_20130516oss/build/linux_intel64_gcc_cc4.8.1_libc2.17_kernel3.7.10_debug -L/home/sherry/tbb41_20130516oss/build/linux_intel64_gcc_cc4.8.1_libc2.17_kernel3.7.10_release -L/home/sherry/tbb41_20130516oss/build/linux_intel64_gcc_cc4.8.1_libc2.17_kernel3.7.10_debug -L/home/sherry/tbb41_20130516oss/build/linux_intel64_gcc_cc4.8.1_libc2.17_kernel3.7.10_release -L/home/sherry/tbb41_20130516oss/build/linux_intel64_gcc_cc4.8.1_libc2.17_kernel3.7.10_debug -L/home/sherry/tbb41_20130516oss/build/linux_intel64_gcc_cc4.8.1_libc2.17_kernel3.7.10_release -L/home/sherry/tbb41_20130516oss/build/linux_intel64_gcc_cc4.8.1_libc2.17_kernel3.7.10_debug -L/home/sherry/tbb41_20130516oss/build/linux_intel64_gcc_cc4.8.1_libc2.17_kernel3.7.10_release -L/usr/local/lib64/gcc/x86_64-unknown-linux-gnu/4.8.1/../../.. CMakeFiles/cmTryCompileExec2387854883.dir/CMakeCXXCompilerABI.cpp.o -lstdc++ -lm -lgcc_s -lgcc -lc -lgcc_s -lgcc /usr/local/lib64/gcc/x86_64-unknown-linux-gnu/4.8.1/crtend.o /usr/lib/../lib64/crtn.o
gmake[1]: 离开目录“/home/sherry/ffdv/net/build/CMakeFiles/CMakeTmp”


Parsed CXX implicit link information from above output:
  link line regex: [^( *|.*[/\])(ld|ld|collect2)[^/\]*( |$)]
  ignore line: [Change Dir: /home/sherry/ffdv/net/build/CMakeFiles/CMakeTmp]
  ignore line: []
  ignore line: [Run Build Command:/usr/bin/gmake "cmTryCompileExec2387854883/fast"]
  ignore line: [/usr/bin/gmake -f CMakeFiles/cmTryCompileExec2387854883.dir/build.make CMakeFiles/cmTryCompileExec2387854883.dir/build]
  ignore line: [gmake[1]: 进入目录“/home/sherry/ffdv/net/build/CMakeFiles/CMakeTmp”]
  ignore line: [/usr/bin/cmake -E cmake_progress_report /home/sherry/ffdv/net/build/CMakeFiles/CMakeTmp/CMakeFiles 1]
  ignore line: [Building CXX object CMakeFiles/cmTryCompileExec2387854883.dir/CMakeCXXCompilerABI.cpp.o]
  ignore line: [/usr/local/bin/g++     -o CMakeFiles/cmTryCompileExec2387854883.dir/CMakeCXXCompilerABI.cpp.o -c /usr/share/cmake/Modules/CMakeCXXCompilerABI.cpp]
  ignore line: [Linking CXX executable cmTryCompileExec2387854883]
  ignore line: [/usr/bin/cmake -E cmake_link_script CMakeFiles/cmTryCompileExec2387854883.dir/link.txt --verbose=1]
  ignore line: [/usr/local/bin/g++        -v CMakeFiles/cmTryCompileExec2387854883.dir/CMakeCXXCompilerABI.cpp.o  -o cmTryCompileExec2387854883 -rdynamic  ]
  ignore line: [使用内建 specs。]
  ignore line: [COLLECT_GCC=/usr/local/bin/g++]
  ignore line: [COLLECT_LTO_WRAPPER=/usr/local/lib/gcc/x86_64-unknown-linux-gnu/4.8.1/lto-wrapper]
  ignore line: [目标：x86_64-unknown-linux-gnu]
  ignore line: [配置为：../下载/gcc-4.8.1/configure --enable-checking=release --enable-languages=c,c++ --enable-libstdcxx-time --disable-multilib]
  ignore line: [线程模型：posix]
  ignore line: [gcc 版本 4.8.1 (GCC) ]
  ignore line: [COMPILER_PATH=/usr/local/lib/gcc/x86_64-unknown-linux-gnu/4.8.1/:/usr/local/lib/gcc/x86_64-unknown-linux-gnu/4.8.1/:/usr/local/lib/gcc/x86_64-unknown-linux-gnu/:/usr/local/lib64/gcc/x86_64-unknown-linux-gnu/4.8.1/:/usr/local/lib64/gcc/x86_64-unknown-linux-gnu/]
  ignore line: [LIBRARY_PATH=/usr/local/lib64/gcc/x86_64-unknown-linux-gnu/4.8.1/:/usr/local/lib64/gcc/x86_64-unknown-linux-gnu/4.8.1/../../../../lib64/:/lib/../lib64/:/usr/lib/../lib64/:/home/sherry/tbb41_20130516oss/build/linux_intel64_gcc_cc4.8.1_libc2.17_kernel3.7.10_debug/:/home/sherry/tbb41_20130516oss/build/linux_intel64_gcc_cc4.8.1_libc2.17_kernel3.7.10_release/:/home/sherry/tbb41_20130516oss/build/linux_intel64_gcc_cc4.8.1_libc2.17_kernel3.7.10_debug/:/home/sherry/tbb41_20130516oss/build/linux_intel64_gcc_cc4.8.1_libc2.17_kernel3.7.10_release/:/home/sherry/tbb41_20130516oss/build/linux_intel64_gcc_cc4.8.1_libc2.17_kernel3.7.10_debug/:/home/sherry/tbb41_20130516oss/build/linux_intel64_gcc_cc4.8.1_libc2.17_kernel3.7.10_release/:/home/sherry/tbb41_20130516oss/build/linux_intel64_gcc_cc4.8.1_libc2.17_kernel3.7.10_debug/:/home/sherry/tbb41_20130516oss/build/linux_intel64_gcc_cc4.8.1_libc2.17_kernel3.7.10_release/:/usr/local/lib64/gcc/x86_64-unknown-linux-gnu/4.8.1/../../../:/lib/:/usr/lib/]
  ignore line: [COLLECT_GCC_OPTIONS='-v' '-o' 'cmTryCompileExec2387854883' '-rdynamic' '-shared-libgcc' '-mtune=generic' '-march=x86-64']
  link line: [ /usr/local/lib/gcc/x86_64-unknown-linux-gnu/4.8.1/collect2 --eh-frame-hdr -m elf_x86_64 -export-dynamic -dynamic-linker /lib64/ld-linux-x86-64.so.2 -o cmTryCompileExec2387854883 /usr/lib/../lib64/crt1.o /usr/lib/../lib64/crti.o /usr/local/lib64/gcc/x86_64-unknown-linux-gnu/4.8.1/crtbegin.o -L/usr/local/lib64/gcc/x86_64-unknown-linux-gnu/4.8.1 -L/usr/local/lib64/gcc/x86_64-unknown-linux-gnu/4.8.1/../../../../lib64 -L/lib/../lib64 -L/usr/lib/../lib64 -L/home/sherry/tbb41_20130516oss/build/linux_intel64_gcc_cc4.8.1_libc2.17_kernel3.7.10_debug -L/home/sherry/tbb41_20130516oss/build/linux_intel64_gcc_cc4.8.1_libc2.17_kernel3.7.10_release -L/home/sherry/tbb41_20130516oss/build/linux_intel64_gcc_cc4.8.1_libc2.17_kernel3.7.10_debug -L/home/sherry/tbb41_20130516oss/build/linux_intel64_gcc_cc4.8.1_libc2.17_kernel3.7.10_release -L/home/sherry/tbb41_20130516oss/build/linux_intel64_gcc_cc4.8.1_libc2.17_kernel3.7.10_debug -L/home/sherry/tbb41_20130516oss/build/linux_intel64_gcc_cc4.8.1_libc2.17_kernel3.7.10_release -L/home/sherry/tbb41_20130516oss/build/linux_intel64_gcc_cc4.8.1_libc2.17_kernel3.7.10_debug -L/home/sherry/tbb41_20130516oss/build/linux_intel64_gcc_cc4.8.1_libc2.17_kernel3.7.10_release -L/usr/local/lib64/gcc/x86_64-unknown-linux-gnu/4.8.1/../../.. CMakeFiles/cmTryCompileExec2387854883.dir/CMakeCXXCompilerABI.cpp.o -lstdc++ -lm -lgcc_s -lgcc -lc -lgcc_s -lgcc /usr/local/lib64/gcc/x86_64-unknown-linux-gnu/4.8.1/crtend.o /usr/lib/../lib64/crtn.o]
    arg [/usr/local/lib/gcc/x86_64-unknown-linux-gnu/4.8.1/collect2] ==> ignore
    arg [--eh-frame-hdr] ==> ignore
    arg [-m] ==> ignore
    arg [elf_x86_64] ==> ignore
    arg [-export-dynamic] ==> ignore
    arg [-dynamic-linker] ==> ignore
    arg [/lib64/ld-linux-x86-64.so.2] ==> ignore
    arg [-o] ==> ignore
    arg [cmTryCompileExec2387854883] ==> ignore
    arg [/usr/lib/../lib64/crt1.o] ==> ignore
    arg [/usr/lib/../lib64/crti.o] ==> ignore
    arg [/usr/local/lib64/gcc/x86_64-unknown-linux-gnu/4.8.1/crtbegin.o] ==> ignore
    arg [-L/usr/local/lib64/gcc/x86_64-unknown-linux-gnu/4.8.1] ==> dir [/usr/local/lib64/gcc/x86_64-unknown-linux-gnu/4.8.1]
    arg [-L/usr/local/lib64/gcc/x86_64-unknown-linux-gnu/4.8.1/../../../../lib64] ==> dir [/usr/local/lib64/gcc/x86_64-unknown-linux-gnu/4.8.1/../../../../lib64]
    arg [-L/lib/../lib64] ==> dir [/lib/../lib64]
    arg [-L/usr/lib/../lib64] ==> dir [/usr/lib/../lib64]
    arg [-L/home/sherry/tbb41_20130516oss/build/linux_intel64_gcc_cc4.8.1_libc2.17_kernel3.7.10_debug] ==> dir [/home/sherry/tbb41_20130516oss/build/linux_intel64_gcc_cc4.8.1_libc2.17_kernel3.7.10_debug]
    arg [-L/home/sherry/tbb41_20130516oss/build/linux_intel64_gcc_cc4.8.1_libc2.17_kernel3.7.10_release] ==> dir [/home/sherry/tbb41_20130516oss/build/linux_intel64_gcc_cc4.8.1_libc2.17_kernel3.7.10_release]
    arg [-L/home/sherry/tbb41_20130516oss/build/linux_intel64_gcc_cc4.8.1_libc2.17_kernel3.7.10_debug] ==> dir [/home/sherry/tbb41_20130516oss/build/linux_intel64_gcc_cc4.8.1_libc2.17_kernel3.7.10_debug]
    arg [-L/home/sherry/tbb41_20130516oss/build/linux_intel64_gcc_cc4.8.1_libc2.17_kernel3.7.10_release] ==> dir [/home/sherry/tbb41_20130516oss/build/linux_intel64_gcc_cc4.8.1_libc2.17_kernel3.7.10_release]
    arg [-L/home/sherry/tbb41_20130516oss/build/linux_intel64_gcc_cc4.8.1_libc2.17_kernel3.7.10_debug] ==> dir [/home/sherry/tbb41_20130516oss/build/linux_intel64_gcc_cc4.8.1_libc2.17_kernel3.7.10_debug]
    arg [-L/home/sherry/tbb41_20130516oss/build/linux_intel64_gcc_cc4.8.1_libc2.17_kernel3.7.10_release] ==> dir [/home/sherry/tbb41_20130516oss/build/linux_intel64_gcc_cc4.8.1_libc2.17_kernel3.7.10_release]
    arg [-L/home/sherry/tbb41_20130516oss/build/linux_intel64_gcc_cc4.8.1_libc2.17_kernel3.7.10_debug] ==> dir [/home/sherry/tbb41_20130516oss/build/linux_intel64_gcc_cc4.8.1_libc2.17_kernel3.7.10_debug]
    arg [-L/home/sherry/tbb41_20130516oss/build/linux_intel64_gcc_cc4.8.1_libc2.17_kernel3.7.10_release] ==> dir [/home/sherry/tbb41_20130516oss/build/linux_intel64_gcc_cc4.8.1_libc2.17_kernel3.7.10_release]
    arg [-L/usr/local/lib64/gcc/x86_64-unknown-linux-gnu/4.8.1/../../..] ==> dir [/usr/local/lib64/gcc/x86_64-unknown-linux-gnu/4.8.1/../../..]
    arg [CMakeFiles/cmTryCompileExec2387854883.dir/CMakeCXXCompilerABI.cpp.o] ==> ignore
    arg [-lstdc++] ==> lib [stdc++]
    arg [-lm] ==> lib [m]
    arg [-lgcc_s] ==> lib [gcc_s]
    arg [-lgcc] ==> lib [gcc]
    arg [-lc] ==> lib [c]
    arg [-lgcc_s] ==> lib [gcc_s]
    arg [-lgcc] ==> lib [gcc]
    arg [/usr/local/lib64/gcc/x86_64-unknown-linux-gnu/4.8.1/crtend.o] ==> ignore
    arg [/usr/lib/../lib64/crtn.o] ==> ignore
  remove lib [gcc_s]
  remove lib [gcc]
  remove lib [gcc_s]
  remove lib [gcc]
  collapse dir [/usr/local/lib64/gcc/x86_64-unknown-linux-gnu/4.8.1] ==> [/usr/local/lib64/gcc/x86_64-unknown-linux-gnu/4.8.1]
  collapse dir [/usr/local/lib64/gcc/x86_64-unknown-linux-gnu/4.8.1/../../../../lib64] ==> [/usr/local/lib64]
  collapse dir [/lib/../lib64] ==> [/lib64]
  collapse dir [/usr/lib/../lib64] ==> [/usr/lib64]
  collapse dir [/home/sherry/tbb41_20130516oss/build/linux_intel64_gcc_cc4.8.1_libc2.17_kernel3.7.10_debug] ==> [/home/sherry/tbb41_20130516oss/build/linux_intel64_gcc_cc4.8.1_libc2.17_kernel3.7.10_debug]
  collapse dir [/home/sherry/tbb41_20130516oss/build/linux_intel64_gcc_cc4.8.1_libc2.17_kernel3.7.10_release] ==> [/home/sherry/tbb41_20130516oss/build/linux_intel64_gcc_cc4.8.1_libc2.17_kernel3.7.10_release]
  collapse dir [/home/sherry/tbb41_20130516oss/build/linux_intel64_gcc_cc4.8.1_libc2.17_kernel3.7.10_debug] ==> [/home/sherry/tbb41_20130516oss/build/linux_intel64_gcc_cc4.8.1_libc2.17_kernel3.7.10_debug]
  collapse dir [/home/sherry/tbb41_20130516oss/build/linux_intel64_gcc_cc4.8.1_libc2.17_kernel3.7.10_release] ==> [/home/sherry/tbb41_20130516oss/build/linux_intel64_gcc_cc4.8.1_libc2.17_kernel3.7.10_release]
  collapse dir [/home/sherry/tbb41_20130516oss/build/linux_intel64_gcc_cc4.8.1_libc2.17_kernel3.7.10_debug] ==> [/home/sherry/tbb41_20130516oss/build/linux_intel64_gcc_cc4.8.1_libc2.17_kernel3.7.10_debug]
  collapse dir [/home/sherry/tbb41_20130516oss/build/linux_intel64_gcc_cc4.8.1_libc2.17_kernel3.7.10_release] ==> [/home/sherry/tbb41_20130516oss/build/linux_intel64_gcc_cc4.8.1_libc2.17_kernel3.7.10_release]
  collapse dir [/home/sherry/tbb41_20130516oss/build/linux_intel64_gcc_cc4.8.1_libc2.17_kernel3.7.10_debug] ==> [/home/sherry/tbb41_20130516oss/build/linux_intel64_gcc_cc4.8.1_libc2.17_kernel3.7.10_debug]
  collapse dir [/home/sherry/tbb41_20130516oss/build/linux_intel64_gcc_cc4.8.1_libc2.17_kernel3.7.10_release] ==> [/home/sherry/tbb41_20130516oss/build/linux_intel64_gcc_cc4.8.1_libc2.17_kernel3.7.10_release]
  collapse dir [/usr/local/lib64/gcc/x86_64-unknown-linux-gnu/4.8.1/../../..] ==> [/usr/local/lib64]
  implicit libs: [stdc++;m;c]
  implicit dirs: [/usr/local/lib64/gcc/x86_64-unknown-linux-gnu/4.8.1;/usr/local/lib64;/lib64;/usr/lib64;/home/sherry/tbb41_20130516oss/build/linux_intel64_gcc_cc4.8.1_libc2.17_kernel3.7.10_debug;/home/sherry/tbb41_20130516oss/build/linux_intel64_gcc_cc4.8.1_libc2.17_kernel3.7.10_release]


